2 19
1014 844 690 405 392 758 757 595 361 217 648 835 333 579 192 802 745 935 819 

0 490 0 0 197 0 0 0 0 0 0 0 161 0 0 0 0 0 0 
0 0 250 250 0 0 0 0 0 0 0 172 0 0 0 0 0 0 0 
0 0 0 0 281 0 0 0 0 371 0 579 0 0 0 0 0 0 0 
0 0 0 0 0 0 0 0 0 0 0 0 588 0 0 0 0 0 0 
0 0 0 0 0 221 579 297 281 0 0 0 0 0 0 0 0 0 0 
0 0 0 0 0 0 0 0 0 281 0 0 516 0 0 0 0 0 0 
0 0 0 0 0 0 0 0 0 438 637 197 0 0 0 0 0 0 0 
0 0 0 0 0 0 0 0 0 0 505 0 0 0 0 0 0 0 0 
0 0 0 0 0 0 0 0 0 0 674 0 197 0 0 0 0 0 0 
0 0 0 0 0 0 0 0 0 0 637 0 0 0 0 0 0 0 0 
0 0 0 0 0 0 0 0 0 0 0 0 0 0 0 0 0 0 0 
0 0 0 0 0 0 0 0 0 0 0 0 0 674 576 197 0 0 0 
0 0 0 0 0 0 0 0 0 0 0 0 0 0 0 0 0 223 297 
0 0 0 0 0 0 0 0 0 0 0 0 0 0 0 0 591 0 0 
0 0 0 0 0 0 0 0 0 0 0 0 0 0 0 0 0 0 0 
0 0 0 0 0 0 0 0 0 0 0 0 0 0 0 0 0 0 0 
0 0 0 0 0 0 0 0 0 0 0 0 0 0 0 0 0 0 0 
0 0 0 0 0 0 0 0 0 0 0 0 0 0 0 0 0 0 0 
0 0 0 0 0 0 0 0 0 0 0 0 0 0 0 0 0 0 0 
