2 21
2842 2332 1870 1015 977 2075 2071 1586 882 451 1745 2305 799 1537 375 2207 2035 2606 2257 1930 1384 

0 197 0 0 0 0 0 0 161 0 0 576 0 0 0 0 0 0 0 0 0 
0 0 281 221 579 297 438 371 516 0 0 0 0 0 0 0 0 0 0 0 0 
0 0 0 0 0 0 281 0 0 0 0 0 0 0 0 0 0 210 0 0 0 
0 0 0 0 0 0 0 505 197 0 0 197 0 0 0 0 0 220 0 0 0 
0 0 0 0 0 0 0 674 579 0 0 591 0 0 0 0 0 579 0 0 0 
0 0 0 0 0 0 0 637 172 0 0 0 0 0 0 0 0 0 0 0 0 
0 0 0 0 0 0 0 281 637 0 0 0 0 0 0 0 0 297 0 0 0 
0 0 0 0 0 0 0 0 588 0 0 0 0 0 0 0 0 438 0 0 0 
0 0 0 0 0 0 0 0 0 197 674 0 0 0 0 0 0 0 0 0 0 
0 0 0 0 0 0 0 0 0 0 0 0 223 297 149 223 516 0 0 0 0 
0 0 0 0 0 0 0 0 0 0 0 0 0 0 0 0 0 0 0 0 0 
0 0 0 0 0 0 0 0 0 0 0 0 0 0 0 0 0 0 210 723 161 
0 0 0 0 0 0 0 0 0 0 0 0 0 0 0 0 0 149 0 0 0 
0 0 0 0 0 0 0 0 0 0 0 0 0 0 0 0 0 0 0 0 0 
0 0 0 0 0 0 0 0 0 0 0 0 0 0 0 0 0 0 0 0 0 
0 0 0 0 0 0 0 0 0 0 0 0 0 0 0 0 0 297 0 0 0 
0 0 0 0 0 0 0 0 0 0 0 0 0 0 0 0 0 371 0 0 0 
0 0 0 0 0 0 0 0 0 0 0 0 0 0 0 0 0 0 0 0 0 
0 0 0 0 0 0 0 0 0 0 0 0 0 0 0 0 0 0 0 0 0 
0 0 0 0 0 0 0 0 0 0 0 0 0 0 0 0 0 0 0 0 0 
0 0 0 0 0 0 0 0 0 0 0 0 0 0 0 0 0 0 0 0 0 
